Jan 22, 2026 @ 09:32:33.583


[2026-01-22T04:02:33.582Z] [32minfo[39m: {"correlationId":"2d225b38-f44e-4c05-aa15-396d20715bcb","message":"[2d225b38-f44e-4c05-aa15-396d20715bcb] Token verification successful for agent: "}


	Jan 22, 2026 @ 09:32:19.561


[2026-01-22T04:02:19.559Z] [31merror[39m: uncaughtException: Cannot read properties of null (reading 'responsePayload')


	Jan 22, 2026 @ 09:32:19.561


TypeError: Cannot read properties of null (reading 'responsePayload')


	Jan 22, 2026 @ 09:32:19.561


    at /app/common/util/getProposalData.js:89:59


	Jan 22, 2026 @ 09:32:19.561


    at Request._callback (/app/common/util/request.js:144:4)


	Jan 22, 2026 @ 09:32:19.561


    at self.callback (/app/node_modules/request/request.js:185:22)


	Jan 22, 2026 @ 09:32:19.561


    at /opt/dynatrace/oneagent/agent/bin/1.327.56.20251218-151643/any/nodejs/nodejsagent.js:1831:48


	Jan 22, 2026 @ 09:32:19.561


    at AsyncLocalStorage.run (node:async_hooks:327:14)


	Jan 22, 2026 @ 09:32:19.561


    at z.runInContext (/opt/dynatrace/oneagent/agent/bin/1.327.56.20251218-151643/any/nodejs/nodejsagent.js:1878:37)


	Jan 22, 2026 @ 09:32:19.561


    at bound  (/opt/dynatrace/oneagent/agent/bin/1.327.56.20251218-151643/any/nodejs/nodejsagent.js:1831:18)


	Jan 22, 2026 @ 09:32:19.561


    at Request.emit (node:events:517:28)


	Jan 22, 2026 @ 09:32:19.561


    at Request.emit (node:domain:552:15)


	Jan 22, 2026 @ 09:32:19.561


    at Request.<anonymous> (/app/node_modules/request/request.js:1154:10)


	Jan 22, 2026 @ 09:32:19.561


    at /opt/dynatrace/oneagent/agent/bin/1.327.56.20251218-151643/any/nodejs/nodejsagent.js:1831:48


	Jan 22, 2026 @ 09:32:19.561


    at AsyncLocalStorage.run (node:async_hooks:327:14)


	Jan 22, 2026 @ 09:32:19.561


    at z.runInContext (/opt/dynatrace/oneagent/agent/bin/1.327.56.20251218-151643/any/nodejs/nodejsagent.js:1878:37)


	Jan 22, 2026 @ 09:32:19.561


    at Request.<anonymous> (/opt/dynatrace/oneagent/agent/bin/1.327.56.20251218-151643/any/nodejs/nodejsagent.js:1831:18)


	Jan 22, 2026 @ 09:32:19.561


    at Request.emit (node:events:517:28)


	Jan 22, 2026 @ 09:32:19.561


    at Request.emit (node:domain:552:15)


	Jan 22, 2026 @ 09:32:19.560


[2026-01-22T04:02:19.559Z] [31merror[39m: uncaughtException: Cannot read properties of null (reading 'responsePayload')


	Jan 22, 2026 @ 09:32:19.560


TypeError: Cannot read properties of null (reading 'responsePayload')


	Jan 22, 2026 @ 09:32:19.560


    at /app/common/util/getProposalData.js:89:59


	Jan 22, 2026 @ 09:32:19.560


    at Request._callback (/app/common/util/request.js:144:4)


	Jan 22, 2026 @ 09:32:19.560


    at self.callback (/app/node_modules/request/request.js:185:22)


	Jan 22, 2026 @ 09:32:19.560


    at /opt/dynatrace/oneagent/agent/bin/1.327.56.20251218-151643/any/nodejs/nodejsagent.js:1831:48


	Jan 22, 2026 @ 09:32:19.560


    at AsyncLocalStorage.run (node:async_hooks:327:14)


	Jan 22, 2026 @ 09:32:19.560


    at z.runInContext (/opt/dynatrace/oneagent/agent/bin/1.327.56.20251218-151643/any/nodejs/nodejsagent.js:1878:37)


	Jan 22, 2026 @ 09:32:19.560


    at bound  (/opt/dynatrace/oneagent/agent/bin/1.327.56.20251218-151643/any/nodejs/nodejsagent.js:1831:18)


	Jan 22, 2026 @ 09:32:19.560


    at Request.emit (node:events:517:28)


	Jan 22, 2026 @ 09:32:19.560


    at Request.emit (node:domain:552:15)


	Jan 22, 2026 @ 09:32:19.560


    at Request.<anonymous> (/app/node_modules/request/request.js:1154:10)


	Jan 22, 2026 @ 09:32:19.560


    at /opt/dynatrace/oneagent/agent/bin/1.327.56.20251218-151643/any/nodejs/nodejsagent.js:1831:48


	Jan 22, 2026 @ 09:32:19.560


    at AsyncLocalStorage.run (node:async_hooks:327:14)


	Jan 22, 2026 @ 09:32:19.560


    at z.runInContext (/opt/dynatrace/oneagent/agent/bin/1.327.56.20251218-151643/any/nodejs/nodejsagent.js:1878:37)


	Jan 22, 2026 @ 09:32:19.560


    at Request.<anonymous> (/opt/dynatrace/oneagent/agent/bin/1.327.56.20251218-151643/any/nodejs/nodejsagent.js:1831:18)


	Jan 22, 2026 @ 09:32:19.560


    at Request.emit (node:events:517:28)


	Jan 22, 2026 @ 09:32:19.560


    at Request.emit (node:domain:552:15)


	Jan 22, 2026 @ 09:32:19.559


[2026-01-22T04:02:19.559Z] [31merror[39m: uncaughtException: Cannot read properties of null (reading 'responsePayload')


	Jan 22, 2026 @ 09:32:19.559


TypeError: Cannot read properties of null (reading 'responsePayload')


	Jan 22, 2026 @ 09:32:19.559


    at /app/common/util/getProposalData.js:89:59


	Jan 22, 2026 @ 09:32:19.559


    at Request._callback (/app/common/util/request.js:144:4)


	Jan 22, 2026 @ 09:32:19.559


    at self.callback (/app/node_modules/request/request.js:185:22)


	Jan 22, 2026 @ 09:32:19.559


    at /opt/dynatrace/oneagent/agent/bin/1.327.56.20251218-151643/any/nodejs/nodejsagent.js:1831:48


	Jan 22, 2026 @ 09:32:19.559


    at AsyncLocalStorage.run (node:async_hooks:327:14)


	Jan 22, 2026 @ 09:32:19.559


    at z.runInContext (/opt/dynatrace/oneagent/agent/bin/1.327.56.20251218-151643/any/nodejs/nodejsagent.js:1878:37)


	Jan 22, 2026 @ 09:32:19.559


    at bound  (/opt/dynatrace/oneagent/agent/bin/1.327.56.20251218-151643/any/nodejs/nodejsagent.js:1831:18)


	Jan 22, 2026 @ 09:32:19.559


    at Request.emit (node:events:517:28)


	Jan 22, 2026 @ 09:32:19.559


    at Request.emit (node:domain:552:15)


	Jan 22, 2026 @ 09:32:19.559


    at Request.<anonymous> (/app/node_modules/request/request.js:1154:10)


	Jan 22, 2026 @ 09:32:19.559


    at /opt/dynatrace/oneagent/agent/bin/1.327.56.20251218-151643/any/nodejs/nodejsagent.js:1831:48


	Jan 22, 2026 @ 09:32:19.559


    at AsyncLocalStorage.run (node:async_hooks:327:14)


	Jan 22, 2026 @ 09:32:19.559


    at z.runInContext (/opt/dynatrace/oneagent/agent/bin/1.327.56.20251218-151643/any/nodejs/nodejsagent.js:1878:37)


	Jan 22, 2026 @ 09:32:19.559


    at Request.<anonymous> (/opt/dynatrace/oneagent/agent/bin/1.327.56.20251218-151643/any/nodejs/nodejsagent.js:1831:18)


	Jan 22, 2026 @ 09:32:19.559


    at Request.emit (node:events:517:28)


	Jan 22, 2026 @ 09:32:19.559


    at Request.emit (node:domain:552:15) | RequestId: 250ccd20-f747-11f0-8fe3-a5908acd4edc | UserId: N/A | TransactionId: N/A | CorrelationId: aa23c3a1-70fa-4d19-a123-cff2eb47d487


	Jan 22, 2026 @ 09:32:19.558


TypeError: Cannot read properties of null (reading 'responsePayload')


	Jan 22, 2026 @ 09:32:19.558


    at /app/common/util/getProposalData.js:89:59


	Jan 22, 2026 @ 09:32:19.558


    at Request._callback (/app/common/util/request.js:144:4)


	Jan 22, 2026 @ 09:32:19.558


    at self.callback (/app/node_modules/request/request.js:185:22)


	Jan 22, 2026 @ 09:32:19.558


    at /opt/dynatrace/oneagent/agent/bin/1.327.56.20251218-151643/any/nodejs/nodejsagent.js:1831:48


	Jan 22, 2026 @ 09:32:19.558


    at AsyncLocalStorage.run (node:async_hooks:327:14)


	Jan 22, 2026 @ 09:32:19.558


    at z.runInContext (/opt/dynatrace/oneagent/agent/bin/1.327.56.20251218-151643/any/nodejs/nodejsagent.js:1878:37)


	Jan 22, 2026 @ 09:32:19.558


    at bound  (/opt/dynatrace/oneagent/agent/bin/1.327.56.20251218-151643/any/nodejs/nodejsagent.js:1831:18)


	Jan 22, 2026 @ 09:32:19.558


    at Request.emit (node:events:517:28)


	Jan 22, 2026 @ 09:32:19.558


    at Request.emit (node:domain:552:15)


	Jan 22, 2026 @ 09:32:19.558


    at Request.<anonymous> (/app/node_modules/request/request.js:1154:10)


	Jan 22, 2026 @ 09:32:19.558


    at /opt/dynatrace/oneagent/agent/bin/1.327.56.20251218-151643/any/nodejs/nodejsagent.js:1831:48


	Jan 22, 2026 @ 09:32:19.558


    at AsyncLocalStorage.run (node:async_hooks:327:14)


	Jan 22, 2026 @ 09:32:19.558


    at z.runInContext (/opt/dynatrace/oneagent/agent/bin/1.327.56.20251218-151643/any/nodejs/nodejsagent.js:1878:37)


	Jan 22, 2026 @ 09:32:19.558


    at Request.<anonymous> (/opt/dynatrace/oneagent/agent/bin/1.327.56.20251218-151643/any/nodejs/nodejsagent.js:1831:18)


	Jan 22, 2026 @ 09:32:19.558


    at Request.emit (node:events:517:28)


	Jan 22, 2026 @ 09:32:19.558


    at Request.emit (node:domain:552:15)
